
[2026-01-30T02:15:31.349Z]
Query: SELECT "public"."roles"."rol_id", "public"."roles"."rol_nombre", "public"."roles"."descripcion", "public"."roles"."estado_rol" FROM "public"."roles" WHERE ("public"."roles"."rol_id" = $1 AND 1=1) LIMIT $2 OFFSET $3
Params: [1,1,0]
Duration: 220 ms
----------------------------------------------

[2026-01-30T02:15:31.521Z]
Query: SELECT "public"."rol_permisos"."rol_id", "public"."rol_permisos"."permiso_id" FROM "public"."rol_permisos" WHERE "public"."rol_permisos"."rol_id" IN ($1) OFFSET $2
Params: [1,0]
Duration: 157 ms
----------------------------------------------

[2026-01-30T02:15:31.755Z]
Query: SELECT "public"."permisos"."permiso_id", "public"."permisos"."modulo", "public"."permisos"."permiso_nombre" FROM "public"."permisos" WHERE "public"."permisos"."permiso_id" IN ($1,$2,$3,$4,$5,$6,$7,$8,$9,$10,$11,$12,$13,$14,$15,$16,$17,$18,$19,$20,$21,$22,$23,$24,$25,$26,$27,$28,$29,$30,$31,$32,$33,$34,$35,$36) OFFSET $37
Params: [1,2,3,26,30,15,22,25,20,19,4,41,8,16,18,33,10,14,5,6,42,21,35,29,34,9,11,7,17,12,38,37,13,39,36,40,0]
Duration: 235 ms
----------------------------------------------

[2026-01-30T02:15:31.773Z]
Query: SELECT "public"."roles"."rol_id", "public"."roles"."rol_nombre", "public"."roles"."descripcion", "public"."roles"."estado_rol" FROM "public"."roles" WHERE ("public"."roles"."rol_id" = $1 AND 1=1) LIMIT $2 OFFSET $3
Params: [1,1,0]
Duration: 150 ms
----------------------------------------------

[2026-01-30T02:15:31.831Z]
Query: SELECT "public"."categorias"."id_categoria", "public"."categorias"."nombre_categoria", "public"."categorias"."descripcion_categoria", "public"."categorias"."estado" FROM "public"."categorias" WHERE 1=1 ORDER BY "public"."categorias"."id_categoria" DESC OFFSET $1
Params: [0]
Duration: 160 ms
----------------------------------------------

[2026-01-30T02:15:31.838Z]
Query: SELECT "public"."productos"."id_producto", "public"."productos"."nombre", "public"."productos"."descripcion", "public"."productos"."stock_actual", "public"."productos"."stock_minimo", "public"."productos"."stock_maximo", "public"."productos"."estado", "public"."productos"."id_categoria", "public"."productos"."iva", "public"."productos"."icu", "public"."productos"."porcentaje_incremento", "public"."productos"."costo_unitario", "public"."productos"."precio_venta", "public"."productos"."url_imagen", "public"."productos"."created_at", "public"."productos"."updated_at", "public"."productos"."cantidad_unitaria" FROM "public"."productos" WHERE 1=1 ORDER BY "public"."productos"."nombre" ASC OFFSET $1
Params: [0]
Duration: 169 ms
----------------------------------------------

[2026-01-30T02:15:31.844Z]
Query: SELECT "public"."categorias"."id_categoria", "public"."categorias"."nombre_categoria", "public"."categorias"."descripcion_categoria", "public"."categorias"."estado" FROM "public"."categorias" WHERE 1=1 ORDER BY "public"."categorias"."id_categoria" DESC OFFSET $1
Params: [0]
Duration: 162 ms
----------------------------------------------

[2026-01-30T02:15:31.877Z]
Query: SELECT "public"."detalle_productos"."id_detalle_producto", "public"."detalle_productos"."id_producto", "public"."detalle_productos"."codigo_barras_producto_compra", "public"."detalle_productos"."fecha_vencimiento", "public"."detalle_productos"."stock_producto", "public"."detalle_productos"."es_devolucion", "public"."detalle_productos"."estado" FROM "public"."detalle_productos" WHERE "public"."detalle_productos"."estado" = $1 ORDER BY "public"."detalle_productos"."id_detalle_producto" DESC OFFSET $2
Params: [true,0]
Duration: 203 ms
----------------------------------------------

[2026-01-30T02:15:31.937Z]
Query: SELECT "public"."rol_permisos"."rol_id", "public"."rol_permisos"."permiso_id" FROM "public"."rol_permisos" WHERE "public"."rol_permisos"."rol_id" IN ($1) OFFSET $2
Params: [1,0]
Duration: 155 ms
----------------------------------------------

[2026-01-30T02:15:31.989Z]
Query: SELECT "public"."categorias"."id_categoria", "public"."categorias"."nombre_categoria" FROM "public"."categorias" WHERE "public"."categorias"."id_categoria" IN ($1,$2) OFFSET $3
Params: [2,1,0]
Duration: 150 ms
----------------------------------------------

[2026-01-30T02:15:32.026Z]
Query: SELECT "public"."productos"."id_producto", "public"."productos"."nombre" FROM "public"."productos" WHERE "public"."productos"."id_producto" IN ($1,$2) OFFSET $3
Params: [6,4,0]
Duration: 149 ms
----------------------------------------------

[2026-01-30T02:15:32.140Z]
Query: SELECT "public"."producto_proveedor"."id_producto_proveedor", "public"."producto_proveedor"."id_proveedor", "public"."producto_proveedor"."id_producto", "public"."producto_proveedor"."estado_producto_proveedor" FROM "public"."producto_proveedor" WHERE "public"."producto_proveedor"."id_producto" IN ($1,$2) OFFSET $3
Params: [6,4,0]
Duration: 151 ms
----------------------------------------------

[2026-01-30T02:15:32.154Z]
Query: SELECT "public"."permisos"."permiso_id", "public"."permisos"."modulo", "public"."permisos"."permiso_nombre" FROM "public"."permisos" WHERE "public"."permisos"."permiso_id" IN ($1,$2,$3,$4,$5,$6,$7,$8,$9,$10,$11,$12,$13,$14,$15,$16,$17,$18,$19,$20,$21,$22,$23,$24,$25,$26,$27,$28,$29,$30,$31,$32,$33,$34,$35,$36) OFFSET $37
Params: [1,2,3,26,30,15,22,25,20,19,4,41,8,16,18,33,10,14,5,6,42,21,35,29,34,9,11,7,17,12,38,37,13,39,36,40,0]
Duration: 225 ms
----------------------------------------------

[2026-01-30T02:15:32.157Z]
Query: SELECT "public"."roles"."rol_id", "public"."roles"."rol_nombre", "public"."roles"."descripcion", "public"."roles"."estado_rol" FROM "public"."roles" WHERE ("public"."roles"."rol_id" = $1 AND 1=1) LIMIT $2 OFFSET $3
Params: [1,1,0]
Duration: 150 ms
----------------------------------------------

[2026-01-30T02:15:32.295Z]
Query: SELECT "public"."proveedores"."id_proveedor", "public"."proveedores"."nombre", "public"."proveedores"."nit" FROM "public"."proveedores" WHERE "public"."proveedores"."id_proveedor" IN ($1,$2) OFFSET $3
Params: [1,2,0]
Duration: 153 ms
----------------------------------------------

[2026-01-30T02:15:32.317Z]
Query: SELECT "public"."rol_permisos"."rol_id", "public"."rol_permisos"."permiso_id" FROM "public"."rol_permisos" WHERE "public"."rol_permisos"."rol_id" IN ($1) OFFSET $2
Params: [1,0]
Duration: 161 ms
----------------------------------------------

[2026-01-30T02:15:32.447Z]
Query: SELECT "public"."impuestos_productos"."id_impuesto", "public"."impuestos_productos"."nombre_impuesto", "public"."impuestos_productos"."valor_impuesto" FROM "public"."impuestos_productos" WHERE "public"."impuestos_productos"."id_impuesto" IN ($1) OFFSET $2
Params: [1,0]
Duration: 152 ms
----------------------------------------------

[2026-01-30T02:15:32.536Z]
Query: SELECT "public"."impuestos_productos"."id_impuesto", "public"."impuestos_productos"."nombre_impuesto", "public"."impuestos_productos"."valor_impuesto" FROM "public"."impuestos_productos" WHERE "public"."impuestos_productos"."id_impuesto" IN ($1) OFFSET $2
Params: [1,0]
Duration: 73 ms
----------------------------------------------

[2026-01-30T02:15:32.543Z]
Query: SELECT "public"."permisos"."permiso_id", "public"."permisos"."modulo", "public"."permisos"."permiso_nombre" FROM "public"."permisos" WHERE "public"."permisos"."permiso_id" IN ($1,$2,$3,$4,$5,$6,$7,$8,$9,$10,$11,$12,$13,$14,$15,$16,$17,$18,$19,$20,$21,$22,$23,$24,$25,$26,$27,$28,$29,$30,$31,$32,$33,$34,$35,$36) OFFSET $37
Params: [1,2,3,26,30,15,22,25,20,19,4,41,8,16,18,33,10,14,5,6,42,21,35,29,34,9,11,7,17,12,38,37,13,39,36,40,0]
Duration: 225 ms
----------------------------------------------

[2026-01-30T02:15:32.610Z]
Query: SELECT "public"."impuestos_productos"."id_impuesto", "public"."impuestos_productos"."nombre_impuesto", "public"."impuestos_productos"."valor_impuesto" FROM "public"."impuestos_productos" WHERE "public"."impuestos_productos"."id_impuesto" IN ($1) OFFSET $2
Params: [7,0]
Duration: 73 ms
----------------------------------------------

[2026-01-30T02:15:32.625Z]
Query: SELECT "public"."roles"."rol_id", "public"."roles"."rol_nombre", "public"."roles"."descripcion", "public"."roles"."estado_rol" FROM "public"."roles" WHERE ("public"."roles"."rol_id" = $1 AND 1=1) LIMIT $2 OFFSET $3
Params: [1,1,0]
Duration: 74 ms
----------------------------------------------

[2026-01-30T02:15:32.773Z]
Query: SELECT "public"."rol_permisos"."rol_id", "public"."rol_permisos"."permiso_id" FROM "public"."rol_permisos" WHERE "public"."rol_permisos"."rol_id" IN ($1) OFFSET $2
Params: [1,0]
Duration: 147 ms
----------------------------------------------

[2026-01-30T02:15:32.848Z]
Query: SELECT "public"."permisos"."permiso_id", "public"."permisos"."modulo", "public"."permisos"."permiso_nombre" FROM "public"."permisos" WHERE "public"."permisos"."permiso_id" IN ($1,$2,$3,$4,$5,$6,$7,$8,$9,$10,$11,$12,$13,$14,$15,$16,$17,$18,$19,$20,$21,$22,$23,$24,$25,$26,$27,$28,$29,$30,$31,$32,$33,$34,$35,$36) OFFSET $37
Params: [1,2,3,26,30,15,22,25,20,19,4,41,8,16,18,33,10,14,5,6,42,21,35,29,34,9,11,7,17,12,38,37,13,39,36,40,0]
Duration: 74 ms
----------------------------------------------

[2026-01-30T02:15:33.306Z]
Query: SELECT "public"."ventas"."id_venta", "public"."ventas"."fecha_venta", "public"."ventas"."id_cliente", "public"."ventas"."metodo_pago", "public"."ventas"."total", "public"."ventas"."estado_venta" FROM "public"."ventas" WHERE 1=1 ORDER BY "public"."ventas"."id_venta" DESC OFFSET $1
Params: [0]
Duration: 154 ms
----------------------------------------------

[2026-01-30T02:15:33.461Z]
Query: SELECT "public"."clientes"."id_cliente", "public"."clientes"."nombre_cliente", "public"."clientes"."tipo_docume", "public"."clientes"."numero_doc", "public"."clientes"."correo_cliente", "public"."clientes"."telefono_cliente", "public"."clientes"."estado_cliente" FROM "public"."clientes" WHERE "public"."clientes"."id_cliente" IN ($1,$2) OFFSET $3
Params: [3,1,0]
Duration: 154 ms
----------------------------------------------

[2026-01-30T02:15:33.614Z]
Query: SELECT "public"."detalle_venta"."id_detalle", "public"."detalle_venta"."id_venta", "public"."detalle_venta"."cantidad", "public"."detalle_venta"."precio_unitario", "public"."detalle_venta"."subtotal", "public"."detalle_venta"."id_detalle_producto", "public"."detalle_venta"."iva_venta", "public"."detalle_venta"."icu_venta" FROM "public"."detalle_venta" WHERE "public"."detalle_venta"."id_venta" IN ($1,$2) OFFSET $3
Params: [2,1,0]
Duration: 152 ms
----------------------------------------------

[2026-01-30T02:15:33.765Z]
Query: SELECT "public"."detalle_productos"."id_detalle_producto", "public"."detalle_productos"."id_producto", "public"."detalle_productos"."codigo_barras_producto_compra", "public"."detalle_productos"."fecha_vencimiento", "public"."detalle_productos"."stock_producto", "public"."detalle_productos"."es_devolucion", "public"."detalle_productos"."estado" FROM "public"."detalle_productos" WHERE "public"."detalle_productos"."id_detalle_producto" IN ($1,$2) OFFSET $3
Params: [2,3,0]
Duration: 150 ms
----------------------------------------------

[2026-01-30T02:15:33.916Z]
Query: SELECT "public"."productos"."id_producto", "public"."productos"."nombre", "public"."productos"."descripcion", "public"."productos"."stock_actual", "public"."productos"."stock_minimo", "public"."productos"."stock_maximo", "public"."productos"."estado", "public"."productos"."id_categoria", "public"."productos"."iva", "public"."productos"."icu", "public"."productos"."porcentaje_incremento", "public"."productos"."costo_unitario", "public"."productos"."precio_venta", "public"."productos"."url_imagen", "public"."productos"."created_at", "public"."productos"."updated_at", "public"."productos"."cantidad_unitaria" FROM "public"."productos" WHERE "public"."productos"."id_producto" IN ($1,$2) OFFSET $3
Params: [4,6,0]
Duration: 151 ms
----------------------------------------------

[2026-01-30T02:15:33.998Z]
Query: SELECT "public"."ventas"."id_venta", "public"."ventas"."fecha_venta", "public"."ventas"."id_cliente", "public"."ventas"."metodo_pago", "public"."ventas"."total", "public"."ventas"."estado_venta" FROM "public"."ventas" WHERE 1=1 ORDER BY "public"."ventas"."id_venta" DESC OFFSET $1
Params: [0]
Duration: 74 ms
----------------------------------------------

[2026-01-30T02:15:34.073Z]
Query: SELECT "public"."clientes"."id_cliente", "public"."clientes"."nombre_cliente", "public"."clientes"."tipo_docume", "public"."clientes"."numero_doc", "public"."clientes"."correo_cliente", "public"."clientes"."telefono_cliente", "public"."clientes"."estado_cliente" FROM "public"."clientes" WHERE "public"."clientes"."id_cliente" IN ($1,$2) OFFSET $3
Params: [3,1,0]
Duration: 74 ms
----------------------------------------------

[2026-01-30T02:15:34.148Z]
Query: SELECT "public"."detalle_venta"."id_detalle", "public"."detalle_venta"."id_venta", "public"."detalle_venta"."cantidad", "public"."detalle_venta"."precio_unitario", "public"."detalle_venta"."subtotal", "public"."detalle_venta"."id_detalle_producto", "public"."detalle_venta"."iva_venta", "public"."detalle_venta"."icu_venta" FROM "public"."detalle_venta" WHERE "public"."detalle_venta"."id_venta" IN ($1,$2) OFFSET $3
Params: [2,1,0]
Duration: 74 ms
----------------------------------------------

[2026-01-30T02:15:34.226Z]
Query: SELECT "public"."detalle_productos"."id_detalle_producto", "public"."detalle_productos"."id_producto", "public"."detalle_productos"."codigo_barras_producto_compra", "public"."detalle_productos"."fecha_vencimiento", "public"."detalle_productos"."stock_producto", "public"."detalle_productos"."es_devolucion", "public"."detalle_productos"."estado" FROM "public"."detalle_productos" WHERE "public"."detalle_productos"."id_detalle_producto" IN ($1,$2) OFFSET $3
Params: [2,3,0]
Duration: 77 ms
----------------------------------------------

[2026-01-30T02:15:34.300Z]
Query: SELECT "public"."productos"."id_producto", "public"."productos"."nombre", "public"."productos"."descripcion", "public"."productos"."stock_actual", "public"."productos"."stock_minimo", "public"."productos"."stock_maximo", "public"."productos"."estado", "public"."productos"."id_categoria", "public"."productos"."iva", "public"."productos"."icu", "public"."productos"."porcentaje_incremento", "public"."productos"."costo_unitario", "public"."productos"."precio_venta", "public"."productos"."url_imagen", "public"."productos"."created_at", "public"."productos"."updated_at", "public"."productos"."cantidad_unitaria" FROM "public"."productos" WHERE "public"."productos"."id_producto" IN ($1,$2) OFFSET $3
Params: [4,6,0]
Duration: 73 ms
----------------------------------------------

[2026-01-30T02:15:37.170Z]
Query: SELECT "public"."clientes"."id_cliente", "public"."clientes"."nombre_cliente", "public"."clientes"."tipo_docume", "public"."clientes"."numero_doc", "public"."clientes"."correo_cliente", "public"."clientes"."telefono_cliente", "public"."clientes"."estado_cliente" FROM "public"."clientes" WHERE 1=1 ORDER BY "public"."clientes"."id_cliente" ASC OFFSET $1
Params: [0]
Duration: 159 ms
----------------------------------------------

[2026-01-30T02:15:41.377Z]
Query: SELECT "public"."detalle_productos"."id_detalle_producto", "public"."detalle_productos"."id_producto", "public"."detalle_productos"."codigo_barras_producto_compra", "public"."detalle_productos"."fecha_vencimiento", "public"."detalle_productos"."stock_producto", "public"."detalle_productos"."es_devolucion", "public"."detalle_productos"."estado" FROM "public"."detalle_productos" LEFT JOIN "public"."productos" AS "j0" ON ("j0"."id_producto") = ("public"."detalle_productos"."id_producto") WHERE ("public"."detalle_productos"."codigo_barras_producto_compra" ILIKE $1 OR ("j0"."nombre" ILIKE $2 AND ("j0"."id_producto" IS NOT NULL))) OFFSET $3
Params: ["%p%","%p%",0]
Duration: 176 ms
----------------------------------------------

[2026-01-30T02:15:41.526Z]
Query: SELECT "public"."productos"."id_producto", "public"."productos"."nombre", "public"."productos"."descripcion", "public"."productos"."stock_actual", "public"."productos"."stock_minimo", "public"."productos"."stock_maximo", "public"."productos"."estado", "public"."productos"."id_categoria", "public"."productos"."iva", "public"."productos"."icu", "public"."productos"."porcentaje_incremento", "public"."productos"."costo_unitario", "public"."productos"."precio_venta", "public"."productos"."url_imagen", "public"."productos"."created_at", "public"."productos"."updated_at", "public"."productos"."cantidad_unitaria" FROM "public"."productos" WHERE "public"."productos"."id_producto" IN ($1) OFFSET $2
Params: [4,0]
Duration: 148 ms
----------------------------------------------

[2026-01-30T02:15:41.597Z]
Query: SELECT "public"."detalle_productos"."id_detalle_producto", "public"."detalle_productos"."id_producto", "public"."detalle_productos"."codigo_barras_producto_compra", "public"."detalle_productos"."fecha_vencimiento", "public"."detalle_productos"."stock_producto", "public"."detalle_productos"."es_devolucion", "public"."detalle_productos"."estado" FROM "public"."detalle_productos" LEFT JOIN "public"."productos" AS "j0" ON ("j0"."id_producto") = ("public"."detalle_productos"."id_producto") WHERE ("public"."detalle_productos"."codigo_barras_producto_compra" ILIKE $1 OR ("j0"."nombre" ILIKE $2 AND ("j0"."id_producto" IS NOT NULL))) OFFSET $3
Params: ["%pa%","%pa%",0]
Duration: 154 ms
----------------------------------------------

[2026-01-30T02:15:41.669Z]
Query: SELECT "public"."detalle_productos"."id_detalle_producto", "public"."detalle_productos"."id_producto", "public"."detalle_productos"."codigo_barras_producto_compra", "public"."detalle_productos"."fecha_vencimiento", "public"."detalle_productos"."stock_producto", "public"."detalle_productos"."es_devolucion", "public"."detalle_productos"."estado" FROM "public"."detalle_productos" LEFT JOIN "public"."productos" AS "j0" ON ("j0"."id_producto") = ("public"."detalle_productos"."id_producto") WHERE ("public"."detalle_productos"."codigo_barras_producto_compra" ILIKE $1 OR ("j0"."nombre" ILIKE $2 AND ("j0"."id_producto" IS NOT NULL))) OFFSET $3
Params: ["%pai%","%pai%",0]
Duration: 74 ms
----------------------------------------------

[2026-01-30T02:15:41.749Z]
Query: SELECT "public"."productos"."id_producto", "public"."productos"."nombre", "public"."productos"."descripcion", "public"."productos"."stock_actual", "public"."productos"."stock_minimo", "public"."productos"."stock_maximo", "public"."productos"."estado", "public"."productos"."id_categoria", "public"."productos"."iva", "public"."productos"."icu", "public"."productos"."porcentaje_incremento", "public"."productos"."costo_unitario", "public"."productos"."precio_venta", "public"."productos"."url_imagen", "public"."productos"."created_at", "public"."productos"."updated_at", "public"."productos"."cantidad_unitaria" FROM "public"."productos" WHERE "public"."productos"."id_producto" IN ($1) OFFSET $2
Params: [4,0]
Duration: 151 ms
----------------------------------------------

[2026-01-30T02:16:52.715Z]
Query: SELECT 1
Params: []
Duration: 79 ms
----------------------------------------------

[2026-01-30T02:16:52.870Z]
Query: SELECT "public"."detalle_productos"."id_detalle_producto", "public"."detalle_productos"."id_producto", "public"."detalle_productos"."codigo_barras_producto_compra", "public"."detalle_productos"."fecha_vencimiento", "public"."detalle_productos"."stock_producto", "public"."detalle_productos"."es_devolucion", "public"."detalle_productos"."estado" FROM "public"."detalle_productos" WHERE "public"."detalle_productos"."id_detalle_producto" IN ($1) OFFSET $2
Params: [2,0]
Duration: 153 ms
----------------------------------------------

[2026-01-30T02:16:52.950Z]
Query: SELECT "public"."productos"."id_producto", "public"."productos"."nombre", "public"."productos"."descripcion", "public"."productos"."stock_actual", "public"."productos"."stock_minimo", "public"."productos"."stock_maximo", "public"."productos"."estado", "public"."productos"."id_categoria", "public"."productos"."iva", "public"."productos"."icu", "public"."productos"."porcentaje_incremento", "public"."productos"."costo_unitario", "public"."productos"."precio_venta", "public"."productos"."url_imagen", "public"."productos"."created_at", "public"."productos"."updated_at", "public"."productos"."cantidad_unitaria" FROM "public"."productos" WHERE "public"."productos"."id_producto" IN ($1) OFFSET $2
Params: [4,0]
Duration: 79 ms
----------------------------------------------

[2026-01-30T02:16:53.053Z]
Query: BEGIN
Params: []
Duration: 73 ms
----------------------------------------------

[2026-01-30T02:16:53.250Z]
Query: UPDATE "public"."detalle_productos" SET "stock_producto" = ("public"."detalle_productos"."stock_producto" - $1) WHERE ("public"."detalle_productos"."id_detalle_producto" = $2 AND "public"."detalle_productos"."stock_producto" >= $3)
Params: [1,2,1]
Duration: 155 ms
----------------------------------------------

[2026-01-30T02:16:53.452Z]
Query: INSERT INTO "public"."ventas" ("fecha_venta","id_cliente","metodo_pago","total","estado_venta") VALUES ($1,$2,$3,$4,$5) RETURNING "public"."ventas"."id_venta"
Params: ["2026-01-30 02:16:52.954 UTC",1,"Mixto",2500,"Completada"]
Duration: 162 ms
----------------------------------------------

[2026-01-30T02:16:53.614Z]
Query: INSERT INTO "public"."detalle_venta" ("id_venta","cantidad","precio_unitario","subtotal","id_detalle_producto") VALUES ($1,$2,$3,$4,$5) RETURNING "public"."detalle_venta"."id_detalle"
Params: [3,1,2500,2500,2]
Duration: 152 ms
----------------------------------------------

[2026-01-30T02:16:53.766Z]
Query: SELECT "public"."ventas"."id_venta", "public"."ventas"."fecha_venta", "public"."ventas"."id_cliente", "public"."ventas"."metodo_pago", "public"."ventas"."total", "public"."ventas"."estado_venta" FROM "public"."ventas" WHERE "public"."ventas"."id_venta" = $1 LIMIT $2 OFFSET $3
Params: [3,1,0]
Duration: 151 ms
----------------------------------------------

[2026-01-30T02:16:53.917Z]
Query: SELECT "public"."clientes"."id_cliente", "public"."clientes"."nombre_cliente", "public"."clientes"."tipo_docume", "public"."clientes"."numero_doc", "public"."clientes"."correo_cliente", "public"."clientes"."telefono_cliente", "public"."clientes"."estado_cliente" FROM "public"."clientes" WHERE "public"."clientes"."id_cliente" IN ($1) OFFSET $2
Params: [1,0]
Duration: 151 ms
----------------------------------------------

[2026-01-30T02:16:54.067Z]
Query: SELECT "public"."detalle_venta"."id_detalle", "public"."detalle_venta"."id_venta", "public"."detalle_venta"."cantidad", "public"."detalle_venta"."precio_unitario", "public"."detalle_venta"."subtotal", "public"."detalle_venta"."id_detalle_producto", "public"."detalle_venta"."iva_venta", "public"."detalle_venta"."icu_venta" FROM "public"."detalle_venta" WHERE "public"."detalle_venta"."id_venta" IN ($1) OFFSET $2
Params: [3,0]
Duration: 149 ms
----------------------------------------------

[2026-01-30T02:16:54.142Z]
Query: SELECT "public"."detalle_productos"."id_detalle_producto", "public"."detalle_productos"."id_producto", "public"."detalle_productos"."codigo_barras_producto_compra", "public"."detalle_productos"."fecha_vencimiento", "public"."detalle_productos"."stock_producto", "public"."detalle_productos"."es_devolucion", "public"."detalle_productos"."estado" FROM "public"."detalle_productos" WHERE "public"."detalle_productos"."id_detalle_producto" IN ($1) OFFSET $2
Params: [2,0]
Duration: 75 ms
----------------------------------------------

[2026-01-30T02:16:54.218Z]
Query: SELECT "public"."productos"."id_producto", "public"."productos"."nombre", "public"."productos"."descripcion", "public"."productos"."stock_actual", "public"."productos"."stock_minimo", "public"."productos"."stock_maximo", "public"."productos"."estado", "public"."productos"."id_categoria", "public"."productos"."iva", "public"."productos"."icu", "public"."productos"."porcentaje_incremento", "public"."productos"."costo_unitario", "public"."productos"."precio_venta", "public"."productos"."url_imagen", "public"."productos"."created_at", "public"."productos"."updated_at", "public"."productos"."cantidad_unitaria" FROM "public"."productos" WHERE "public"."productos"."id_producto" IN ($1) OFFSET $2
Params: [4,0]
Duration: 74 ms
----------------------------------------------

[2026-01-30T02:16:54.299Z]
Query: COMMIT
Params: []
Duration: 76 ms
----------------------------------------------

[2026-01-30T02:16:54.506Z]
Query: SELECT "public"."ventas"."id_venta", "public"."ventas"."fecha_venta", "public"."ventas"."id_cliente", "public"."ventas"."metodo_pago", "public"."ventas"."total", "public"."ventas"."estado_venta" FROM "public"."ventas" WHERE 1=1 ORDER BY "public"."ventas"."id_venta" DESC OFFSET $1
Params: [0]
Duration: 152 ms
----------------------------------------------

[2026-01-30T02:16:54.661Z]
Query: SELECT "public"."clientes"."id_cliente", "public"."clientes"."nombre_cliente", "public"."clientes"."tipo_docume", "public"."clientes"."numero_doc", "public"."clientes"."correo_cliente", "public"."clientes"."telefono_cliente", "public"."clientes"."estado_cliente" FROM "public"."clientes" WHERE "public"."clientes"."id_cliente" IN ($1,$2) OFFSET $3
Params: [1,3,0]
Duration: 154 ms
----------------------------------------------

[2026-01-30T02:16:54.810Z]
Query: SELECT "public"."detalle_venta"."id_detalle", "public"."detalle_venta"."id_venta", "public"."detalle_venta"."cantidad", "public"."detalle_venta"."precio_unitario", "public"."detalle_venta"."subtotal", "public"."detalle_venta"."id_detalle_producto", "public"."detalle_venta"."iva_venta", "public"."detalle_venta"."icu_venta" FROM "public"."detalle_venta" WHERE "public"."detalle_venta"."id_venta" IN ($1,$2,$3) OFFSET $4
Params: [3,2,1,0]
Duration: 148 ms
----------------------------------------------

[2026-01-30T02:16:54.959Z]
Query: SELECT "public"."detalle_productos"."id_detalle_producto", "public"."detalle_productos"."id_producto", "public"."detalle_productos"."codigo_barras_producto_compra", "public"."detalle_productos"."fecha_vencimiento", "public"."detalle_productos"."stock_producto", "public"."detalle_productos"."es_devolucion", "public"."detalle_productos"."estado" FROM "public"."detalle_productos" WHERE "public"."detalle_productos"."id_detalle_producto" IN ($1,$2) OFFSET $3
Params: [2,3,0]
Duration: 148 ms
----------------------------------------------

[2026-01-30T02:16:55.119Z]
Query: SELECT "public"."productos"."id_producto", "public"."productos"."nombre", "public"."productos"."descripcion", "public"."productos"."stock_actual", "public"."productos"."stock_minimo", "public"."productos"."stock_maximo", "public"."productos"."estado", "public"."productos"."id_categoria", "public"."productos"."iva", "public"."productos"."icu", "public"."productos"."porcentaje_incremento", "public"."productos"."costo_unitario", "public"."productos"."precio_venta", "public"."productos"."url_imagen", "public"."productos"."created_at", "public"."productos"."updated_at", "public"."productos"."cantidad_unitaria" FROM "public"."productos" WHERE "public"."productos"."id_producto" IN ($1,$2) OFFSET $3
Params: [4,6,0]
Duration: 159 ms
----------------------------------------------

[2026-01-30T02:16:55.199Z]
Query: SELECT "public"."ventas"."id_venta", "public"."ventas"."fecha_venta", "public"."ventas"."id_cliente", "public"."ventas"."metodo_pago", "public"."ventas"."total", "public"."ventas"."estado_venta" FROM "public"."ventas" WHERE 1=1 ORDER BY "public"."ventas"."id_venta" DESC OFFSET $1
Params: [0]
Duration: 74 ms
----------------------------------------------

[2026-01-30T02:16:55.274Z]
Query: SELECT "public"."clientes"."id_cliente", "public"."clientes"."nombre_cliente", "public"."clientes"."tipo_docume", "public"."clientes"."numero_doc", "public"."clientes"."correo_cliente", "public"."clientes"."telefono_cliente", "public"."clientes"."estado_cliente" FROM "public"."clientes" WHERE "public"."clientes"."id_cliente" IN ($1,$2) OFFSET $3
Params: [1,3,0]
Duration: 75 ms
----------------------------------------------

[2026-01-30T02:16:55.350Z]
Query: SELECT "public"."detalle_venta"."id_detalle", "public"."detalle_venta"."id_venta", "public"."detalle_venta"."cantidad", "public"."detalle_venta"."precio_unitario", "public"."detalle_venta"."subtotal", "public"."detalle_venta"."id_detalle_producto", "public"."detalle_venta"."iva_venta", "public"."detalle_venta"."icu_venta" FROM "public"."detalle_venta" WHERE "public"."detalle_venta"."id_venta" IN ($1,$2,$3) OFFSET $4
Params: [3,2,1,0]
Duration: 75 ms
----------------------------------------------

[2026-01-30T02:16:55.441Z]
Query: SELECT "public"."detalle_productos"."id_detalle_producto", "public"."detalle_productos"."id_producto", "public"."detalle_productos"."codigo_barras_producto_compra", "public"."detalle_productos"."fecha_vencimiento", "public"."detalle_productos"."stock_producto", "public"."detalle_productos"."es_devolucion", "public"."detalle_productos"."estado" FROM "public"."detalle_productos" WHERE "public"."detalle_productos"."id_detalle_producto" IN ($1,$2) OFFSET $3
Params: [2,3,0]
Duration: 90 ms
----------------------------------------------

[2026-01-30T02:16:55.516Z]
Query: SELECT "public"."productos"."id_producto", "public"."productos"."nombre", "public"."productos"."descripcion", "public"."productos"."stock_actual", "public"."productos"."stock_minimo", "public"."productos"."stock_maximo", "public"."productos"."estado", "public"."productos"."id_categoria", "public"."productos"."iva", "public"."productos"."icu", "public"."productos"."porcentaje_incremento", "public"."productos"."costo_unitario", "public"."productos"."precio_venta", "public"."productos"."url_imagen", "public"."productos"."created_at", "public"."productos"."updated_at", "public"."productos"."cantidad_unitaria" FROM "public"."productos" WHERE "public"."productos"."id_producto" IN ($1,$2) OFFSET $3
Params: [4,6,0]
Duration: 74 ms
----------------------------------------------

[2026-01-30T03:18:49.440Z]
Query: SELECT "public"."detalle_productos"."id_detalle_producto", "public"."detalle_productos"."id_producto", "public"."detalle_productos"."codigo_barras_producto_compra", "public"."detalle_productos"."fecha_vencimiento", "public"."detalle_productos"."stock_producto", "public"."detalle_productos"."es_devolucion", "public"."detalle_productos"."estado" FROM "public"."detalle_productos" WHERE "public"."detalle_productos"."estado" = $1 ORDER BY "public"."detalle_productos"."id_detalle_producto" DESC OFFSET $2
Params: [true,0]
Duration: 246 ms
----------------------------------------------

[2026-01-30T03:18:49.586Z]
Query: SELECT "public"."productos"."id_producto", "public"."productos"."nombre" FROM "public"."productos" WHERE "public"."productos"."id_producto" IN ($1,$2) OFFSET $3
Params: [6,4,0]
Duration: 156 ms
----------------------------------------------

[2026-01-30T03:18:49.982Z]
Query: SELECT "public"."productos"."id_producto", "public"."productos"."nombre", "public"."productos"."descripcion", "public"."productos"."stock_actual", "public"."productos"."stock_minimo", "public"."productos"."stock_maximo", "public"."productos"."estado", "public"."productos"."id_categoria", "public"."productos"."iva", "public"."productos"."icu", "public"."productos"."porcentaje_incremento", "public"."productos"."costo_unitario", "public"."productos"."precio_venta", "public"."productos"."url_imagen", "public"."productos"."created_at", "public"."productos"."updated_at", "public"."productos"."cantidad_unitaria" FROM "public"."productos" WHERE 1=1 ORDER BY "public"."productos"."nombre" ASC OFFSET $1
Params: [0]
Duration: 150 ms
----------------------------------------------

[2026-01-30T03:18:50.015Z]
Query: SELECT "public"."roles"."rol_id", "public"."roles"."rol_nombre", "public"."roles"."descripcion", "public"."roles"."estado_rol" FROM "public"."roles" WHERE ("public"."roles"."rol_id" = $1 AND 1=1) LIMIT $2 OFFSET $3
Params: [1,1,0]
Duration: 158 ms
----------------------------------------------

[2026-01-30T03:18:50.018Z]
Query: SELECT "public"."categorias"."id_categoria", "public"."categorias"."nombre_categoria", "public"."categorias"."descripcion_categoria", "public"."categorias"."estado" FROM "public"."categorias" WHERE 1=1 ORDER BY "public"."categorias"."id_categoria" DESC OFFSET $1
Params: [0]
Duration: 161 ms
----------------------------------------------

[2026-01-30T03:18:50.021Z]
Query: SELECT "public"."categorias"."id_categoria", "public"."categorias"."nombre_categoria", "public"."categorias"."descripcion_categoria", "public"."categorias"."estado" FROM "public"."categorias" WHERE 1=1 ORDER BY "public"."categorias"."id_categoria" DESC OFFSET $1
Params: [0]
Duration: 161 ms
----------------------------------------------

[2026-01-30T03:18:50.134Z]
Query: SELECT "public"."categorias"."id_categoria", "public"."categorias"."nombre_categoria" FROM "public"."categorias" WHERE "public"."categorias"."id_categoria" IN ($1,$2) OFFSET $3
Params: [2,1,0]
Duration: 151 ms
----------------------------------------------

[2026-01-30T03:18:50.141Z]
Query: SELECT "public"."rol_permisos"."rol_id", "public"."rol_permisos"."permiso_id" FROM "public"."rol_permisos" WHERE "public"."rol_permisos"."rol_id" IN ($1) OFFSET $2
Params: [1,0]
Duration: 149 ms
----------------------------------------------

[2026-01-30T03:18:50.284Z]
Query: SELECT "public"."producto_proveedor"."id_producto_proveedor", "public"."producto_proveedor"."id_proveedor", "public"."producto_proveedor"."id_producto", "public"."producto_proveedor"."estado_producto_proveedor" FROM "public"."producto_proveedor" WHERE "public"."producto_proveedor"."id_producto" IN ($1,$2) OFFSET $3
Params: [6,4,0]
Duration: 150 ms
----------------------------------------------

[2026-01-30T03:18:50.303Z]
Query: SELECT "public"."roles"."rol_id", "public"."roles"."rol_nombre", "public"."roles"."descripcion", "public"."roles"."estado_rol" FROM "public"."roles" WHERE ("public"."roles"."rol_id" = $1 AND 1=1) LIMIT $2 OFFSET $3
Params: [1,1,0]
Duration: 146 ms
----------------------------------------------

[2026-01-30T03:18:50.367Z]
Query: SELECT "public"."permisos"."permiso_id", "public"."permisos"."modulo", "public"."permisos"."permiso_nombre" FROM "public"."permisos" WHERE "public"."permisos"."permiso_id" IN ($1,$2,$3,$4,$5,$6,$7,$8,$9,$10,$11,$12,$13,$14,$15,$16,$17,$18,$19,$20,$21,$22,$23,$24,$25,$26,$27,$28,$29,$30,$31,$32,$33,$34,$35,$36) OFFSET $37
Params: [1,2,3,26,30,15,22,25,20,19,4,41,8,16,18,33,10,14,5,6,42,21,35,29,34,9,11,7,17,12,38,37,13,39,36,40,0]
Duration: 225 ms
----------------------------------------------

[2026-01-30T03:18:50.438Z]
Query: SELECT "public"."proveedores"."id_proveedor", "public"."proveedores"."nombre", "public"."proveedores"."nit" FROM "public"."proveedores" WHERE "public"."proveedores"."id_proveedor" IN ($1,$2) OFFSET $3
Params: [1,2,0]
Duration: 154 ms
----------------------------------------------

[2026-01-30T03:18:50.469Z]
Query: SELECT "public"."rol_permisos"."rol_id", "public"."rol_permisos"."permiso_id" FROM "public"."rol_permisos" WHERE "public"."rol_permisos"."rol_id" IN ($1) OFFSET $2
Params: [1,0]
Duration: 146 ms
----------------------------------------------

[2026-01-30T03:18:50.590Z]
Query: SELECT "public"."impuestos_productos"."id_impuesto", "public"."impuestos_productos"."nombre_impuesto", "public"."impuestos_productos"."valor_impuesto" FROM "public"."impuestos_productos" WHERE "public"."impuestos_productos"."id_impuesto" IN ($1) OFFSET $2
Params: [1,0]
Duration: 150 ms
----------------------------------------------

[2026-01-30T03:18:50.663Z]
Query: SELECT "public"."impuestos_productos"."id_impuesto", "public"."impuestos_productos"."nombre_impuesto", "public"."impuestos_productos"."valor_impuesto" FROM "public"."impuestos_productos" WHERE "public"."impuestos_productos"."id_impuesto" IN ($1) OFFSET $2
Params: [1,0]
Duration: 73 ms
----------------------------------------------

[2026-01-30T03:18:50.671Z]
Query: SELECT "public"."permisos"."permiso_id", "public"."permisos"."modulo", "public"."permisos"."permiso_nombre" FROM "public"."permisos" WHERE "public"."permisos"."permiso_id" IN ($1,$2,$3,$4,$5,$6,$7,$8,$9,$10,$11,$12,$13,$14,$15,$16,$17,$18,$19,$20,$21,$22,$23,$24,$25,$26,$27,$28,$29,$30,$31,$32,$33,$34,$35,$36) OFFSET $37
Params: [1,2,3,26,30,15,22,25,20,19,4,41,8,16,18,33,10,14,5,6,42,21,35,29,34,9,11,7,17,12,38,37,13,39,36,40,0]
Duration: 220 ms
----------------------------------------------

[2026-01-30T03:18:50.737Z]
Query: SELECT "public"."impuestos_productos"."id_impuesto", "public"."impuestos_productos"."nombre_impuesto", "public"."impuestos_productos"."valor_impuesto" FROM "public"."impuestos_productos" WHERE "public"."impuestos_productos"."id_impuesto" IN ($1) OFFSET $2
Params: [7,0]
Duration: 74 ms
----------------------------------------------

[2026-01-30T03:18:50.752Z]
Query: SELECT "public"."roles"."rol_id", "public"."roles"."rol_nombre", "public"."roles"."descripcion", "public"."roles"."estado_rol" FROM "public"."roles" WHERE ("public"."roles"."rol_id" = $1 AND 1=1) LIMIT $2 OFFSET $3
Params: [1,1,0]
Duration: 74 ms
----------------------------------------------

[2026-01-30T03:18:50.899Z]
Query: SELECT "public"."rol_permisos"."rol_id", "public"."rol_permisos"."permiso_id" FROM "public"."rol_permisos" WHERE "public"."rol_permisos"."rol_id" IN ($1) OFFSET $2
Params: [1,0]
Duration: 146 ms
----------------------------------------------

[2026-01-30T03:18:50.972Z]
Query: SELECT "public"."permisos"."permiso_id", "public"."permisos"."modulo", "public"."permisos"."permiso_nombre" FROM "public"."permisos" WHERE "public"."permisos"."permiso_id" IN ($1,$2,$3,$4,$5,$6,$7,$8,$9,$10,$11,$12,$13,$14,$15,$16,$17,$18,$19,$20,$21,$22,$23,$24,$25,$26,$27,$28,$29,$30,$31,$32,$33,$34,$35,$36) OFFSET $37
Params: [1,2,3,26,30,15,22,25,20,19,4,41,8,16,18,33,10,14,5,6,42,21,35,29,34,9,11,7,17,12,38,37,13,39,36,40,0]
Duration: 73 ms
----------------------------------------------

[2026-01-30T03:18:51.604Z]
Query: SELECT "public"."proveedores"."id_proveedor", "public"."proveedores"."nombre", "public"."proveedores"."telefono", "public"."proveedores"."direccion", "public"."proveedores"."estado", "public"."proveedores"."descripcion", "public"."proveedores"."nit", "public"."proveedores"."tipo_persona", "public"."proveedores"."contacto", "public"."proveedores"."correo" FROM "public"."proveedores" WHERE 1=1 OFFSET $1
Params: [0]
Duration: 148 ms
----------------------------------------------

[2026-01-30T03:18:51.607Z]
Query: SELECT "public"."categorias"."id_categoria", "public"."categorias"."nombre_categoria", "public"."categorias"."descripcion_categoria", "public"."categorias"."estado" FROM "public"."categorias" WHERE 1=1 ORDER BY "public"."categorias"."id_categoria" DESC OFFSET $1
Params: [0]
Duration: 150 ms
----------------------------------------------

[2026-01-30T03:18:51.613Z]
Query: SELECT "public"."categorias"."id_categoria", "public"."categorias"."nombre_categoria", "public"."categorias"."descripcion_categoria", "public"."categorias"."estado" FROM "public"."categorias" WHERE 1=1 ORDER BY "public"."categorias"."id_categoria" DESC OFFSET $1
Params: [0]
Duration: 153 ms
----------------------------------------------

[2026-01-30T03:18:51.757Z]
Query: SELECT "public"."proveedor_categoria"."id_proveedor_categoria", "public"."proveedor_categoria"."id_proveedor", "public"."proveedor_categoria"."id_categoria", "public"."proveedor_categoria"."created_at", "public"."proveedor_categoria"."updated_at" FROM "public"."proveedor_categoria" WHERE "public"."proveedor_categoria"."id_proveedor" IN ($1,$2) OFFSET $3
Params: [1,2,0]
Duration: 153 ms
----------------------------------------------

[2026-01-30T03:18:51.904Z]
Query: SELECT "public"."categorias"."id_categoria", "public"."categorias"."nombre_categoria", "public"."categorias"."descripcion_categoria", "public"."categorias"."estado" FROM "public"."categorias" WHERE "public"."categorias"."id_categoria" IN ($1,$2) OFFSET $3
Params: [1,2,0]
Duration: 146 ms
----------------------------------------------

[2026-01-30T03:18:54.206Z]
Query: SELECT "public"."proveedores"."id_proveedor", "public"."proveedores"."nombre", "public"."proveedores"."telefono", "public"."proveedores"."direccion", "public"."proveedores"."estado", "public"."proveedores"."descripcion", "public"."proveedores"."nit", "public"."proveedores"."tipo_persona", "public"."proveedores"."contacto", "public"."proveedores"."correo" FROM "public"."proveedores" WHERE ("public"."proveedores"."id_proveedor" = $1 AND 1=1) LIMIT $2 OFFSET $3
Params: [1,1,0]
Duration: 160 ms
----------------------------------------------

[2026-01-30T03:18:54.354Z]
Query: SELECT "public"."proveedor_categoria"."id_proveedor_categoria", "public"."proveedor_categoria"."id_proveedor", "public"."proveedor_categoria"."id_categoria", "public"."proveedor_categoria"."created_at", "public"."proveedor_categoria"."updated_at" FROM "public"."proveedor_categoria" WHERE "public"."proveedor_categoria"."id_proveedor" IN ($1) OFFSET $2
Params: [1,0]
Duration: 147 ms
----------------------------------------------

[2026-01-30T03:18:54.500Z]
Query: SELECT "public"."categorias"."id_categoria", "public"."categorias"."nombre_categoria", "public"."categorias"."descripcion_categoria", "public"."categorias"."estado" FROM "public"."categorias" WHERE "public"."categorias"."id_categoria" IN ($1) OFFSET $2
Params: [1,0]
Duration: 145 ms
----------------------------------------------

[2026-01-30T03:18:54.656Z]
Query: SELECT "public"."producto_proveedor"."id_producto_proveedor", "public"."producto_proveedor"."id_proveedor", "public"."producto_proveedor"."id_producto", "public"."producto_proveedor"."estado_producto_proveedor" FROM "public"."producto_proveedor" WHERE "public"."producto_proveedor"."id_proveedor" IN ($1) OFFSET $2
Params: [1,0]
Duration: 156 ms
----------------------------------------------

[2026-01-30T03:18:54.803Z]
Query: SELECT "public"."productos"."id_producto", "public"."productos"."nombre", "public"."productos"."descripcion", "public"."productos"."stock_actual", "public"."productos"."stock_minimo", "public"."productos"."stock_maximo", "public"."productos"."estado", "public"."productos"."id_categoria", "public"."productos"."iva", "public"."productos"."icu", "public"."productos"."porcentaje_incremento", "public"."productos"."costo_unitario", "public"."productos"."precio_venta", "public"."productos"."url_imagen", "public"."productos"."created_at", "public"."productos"."updated_at", "public"."productos"."cantidad_unitaria" FROM "public"."productos" WHERE "public"."productos"."id_producto" IN ($1) OFFSET $2
Params: [4,0]
Duration: 146 ms
----------------------------------------------

[2026-01-30T03:18:54.949Z]
Query: SELECT "public"."categorias"."id_categoria", "public"."categorias"."nombre_categoria" FROM "public"."categorias" WHERE "public"."categorias"."id_categoria" IN ($1) OFFSET $2
Params: [1,0]
Duration: 145 ms
----------------------------------------------

[2026-01-30T03:19:42.324Z]
Query: SELECT 1
Params: []
Duration: 79 ms
----------------------------------------------

[2026-01-30T03:19:42.402Z]
Query: SELECT "public"."proveedores"."id_proveedor", "public"."proveedores"."nombre", "public"."proveedores"."telefono", "public"."proveedores"."direccion", "public"."proveedores"."estado", "public"."proveedores"."descripcion", "public"."proveedores"."nit", "public"."proveedores"."tipo_persona", "public"."proveedores"."contacto", "public"."proveedores"."correo" FROM "public"."proveedores" WHERE 1=1 OFFSET $1
Params: [0]
Duration: 77 ms
----------------------------------------------

[2026-01-30T03:19:42.476Z]
Query: SELECT "public"."proveedor_categoria"."id_proveedor_categoria", "public"."proveedor_categoria"."id_proveedor", "public"."proveedor_categoria"."id_categoria", "public"."proveedor_categoria"."created_at", "public"."proveedor_categoria"."updated_at" FROM "public"."proveedor_categoria" WHERE "public"."proveedor_categoria"."id_proveedor" IN ($1,$2) OFFSET $3
Params: [1,2,0]
Duration: 73 ms
----------------------------------------------

[2026-01-30T03:19:42.549Z]
Query: SELECT "public"."categorias"."id_categoria", "public"."categorias"."nombre_categoria", "public"."categorias"."descripcion_categoria", "public"."categorias"."estado" FROM "public"."categorias" WHERE "public"."categorias"."id_categoria" IN ($1,$2) OFFSET $3
Params: [1,2,0]
Duration: 73 ms
----------------------------------------------

[2026-01-30T03:19:43.550Z]
Query: SELECT "public"."roles"."rol_id", "public"."roles"."rol_nombre", "public"."roles"."descripcion", "public"."roles"."estado_rol" FROM "public"."roles" WHERE ("public"."roles"."rol_id" = $1 AND 1=1) LIMIT $2 OFFSET $3
Params: [1,1,0]
Duration: 73 ms
----------------------------------------------

[2026-01-30T03:19:43.626Z]
Query: SELECT "public"."rol_permisos"."rol_id", "public"."rol_permisos"."permiso_id" FROM "public"."rol_permisos" WHERE "public"."rol_permisos"."rol_id" IN ($1) OFFSET $2
Params: [1,0]
Duration: 75 ms
----------------------------------------------

[2026-01-30T03:19:43.701Z]
Query: SELECT "public"."permisos"."permiso_id", "public"."permisos"."modulo", "public"."permisos"."permiso_nombre" FROM "public"."permisos" WHERE "public"."permisos"."permiso_id" IN ($1,$2,$3,$4,$5,$6,$7,$8,$9,$10,$11,$12,$13,$14,$15,$16,$17,$18,$19,$20,$21,$22,$23,$24,$25,$26,$27,$28,$29,$30,$31,$32,$33,$34,$35,$36) OFFSET $37
Params: [1,2,3,26,30,15,22,25,20,19,4,41,8,16,18,33,10,14,5,6,42,21,35,29,34,9,11,7,17,12,38,37,13,39,36,40,0]
Duration: 74 ms
----------------------------------------------

[2026-01-30T03:19:43.781Z]
Query: SELECT "public"."roles"."rol_id", "public"."roles"."rol_nombre", "public"."roles"."descripcion", "public"."roles"."estado_rol" FROM "public"."roles" WHERE ("public"."roles"."rol_id" = $1 AND 1=1) LIMIT $2 OFFSET $3
Params: [1,1,0]
Duration: 74 ms
----------------------------------------------

[2026-01-30T03:19:43.863Z]
Query: SELECT "public"."rol_permisos"."rol_id", "public"."rol_permisos"."permiso_id" FROM "public"."rol_permisos" WHERE "public"."rol_permisos"."rol_id" IN ($1) OFFSET $2
Params: [1,0]
Duration: 81 ms
----------------------------------------------

[2026-01-30T03:19:44.009Z]
Query: SELECT "public"."permisos"."permiso_id", "public"."permisos"."modulo", "public"."permisos"."permiso_nombre" FROM "public"."permisos" WHERE "public"."permisos"."permiso_id" IN ($1,$2,$3,$4,$5,$6,$7,$8,$9,$10,$11,$12,$13,$14,$15,$16,$17,$18,$19,$20,$21,$22,$23,$24,$25,$26,$27,$28,$29,$30,$31,$32,$33,$34,$35,$36) OFFSET $37
Params: [1,2,3,26,30,15,22,25,20,19,4,41,8,16,18,33,10,14,5,6,42,21,35,29,34,9,11,7,17,12,38,37,13,39,36,40,0]
Duration: 145 ms
----------------------------------------------

[2026-01-30T03:19:44.757Z]
Query: SELECT 1
Params: []
Duration: 81 ms
----------------------------------------------

[2026-01-30T03:19:44.762Z]
Query: SELECT 1
Params: []
Duration: 81 ms
----------------------------------------------

[2026-01-30T03:19:44.765Z]
Query: SELECT 1
Params: []
Duration: 80 ms
----------------------------------------------

[2026-01-30T03:19:44.822Z]
Query: SELECT "public"."detalle_productos"."id_detalle_producto", "public"."detalle_productos"."id_producto", "public"."detalle_productos"."codigo_barras_producto_compra", "public"."detalle_productos"."fecha_vencimiento", "public"."detalle_productos"."stock_producto", "public"."detalle_productos"."es_devolucion", "public"."detalle_productos"."estado" FROM "public"."detalle_productos" WHERE "public"."detalle_productos"."estado" = $1 ORDER BY "public"."detalle_productos"."id_detalle_producto" DESC OFFSET $2
Params: [true,0]
Duration: 146 ms
----------------------------------------------

[2026-01-30T03:19:44.835Z]
Query: SELECT "public"."categorias"."id_categoria", "public"."categorias"."nombre_categoria", "public"."categorias"."descripcion_categoria", "public"."categorias"."estado" FROM "public"."categorias" WHERE 1=1 ORDER BY "public"."categorias"."id_categoria" DESC OFFSET $1
Params: [0]
Duration: 76 ms
----------------------------------------------

[2026-01-30T03:19:44.838Z]
Query: SELECT "public"."categorias"."id_categoria", "public"."categorias"."nombre_categoria", "public"."categorias"."descripcion_categoria", "public"."categorias"."estado" FROM "public"."categorias" WHERE 1=1 ORDER BY "public"."categorias"."id_categoria" DESC OFFSET $1
Params: [0]
Duration: 76 ms
----------------------------------------------

[2026-01-30T03:19:44.908Z]
Query: SELECT "public"."productos"."id_producto", "public"."productos"."nombre", "public"."productos"."descripcion", "public"."productos"."stock_actual", "public"."productos"."stock_minimo", "public"."productos"."stock_maximo", "public"."productos"."estado", "public"."productos"."id_categoria", "public"."productos"."iva", "public"."productos"."icu", "public"."productos"."porcentaje_incremento", "public"."productos"."costo_unitario", "public"."productos"."precio_venta", "public"."productos"."url_imagen", "public"."productos"."created_at", "public"."productos"."updated_at", "public"."productos"."cantidad_unitaria" FROM "public"."productos" WHERE 1=1 ORDER BY "public"."productos"."nombre" ASC OFFSET $1
Params: [0]
Duration: 149 ms
----------------------------------------------

[2026-01-30T03:19:44.969Z]
Query: SELECT "public"."productos"."id_producto", "public"."productos"."nombre" FROM "public"."productos" WHERE "public"."productos"."id_producto" IN ($1,$2) OFFSET $3
Params: [6,4,0]
Duration: 146 ms
----------------------------------------------

[2026-01-30T03:19:45.053Z]
Query: SELECT "public"."categorias"."id_categoria", "public"."categorias"."nombre_categoria" FROM "public"."categorias" WHERE "public"."categorias"."id_categoria" IN ($1,$2) OFFSET $3
Params: [2,1,0]
Duration: 144 ms
----------------------------------------------

[2026-01-30T03:19:45.201Z]
Query: SELECT "public"."producto_proveedor"."id_producto_proveedor", "public"."producto_proveedor"."id_proveedor", "public"."producto_proveedor"."id_producto", "public"."producto_proveedor"."estado_producto_proveedor" FROM "public"."producto_proveedor" WHERE "public"."producto_proveedor"."id_producto" IN ($1,$2) OFFSET $3
Params: [6,4,0]
Duration: 148 ms
----------------------------------------------

[2026-01-30T03:19:45.346Z]
Query: SELECT "public"."proveedores"."id_proveedor", "public"."proveedores"."nombre", "public"."proveedores"."nit" FROM "public"."proveedores" WHERE "public"."proveedores"."id_proveedor" IN ($1,$2) OFFSET $3
Params: [1,2,0]
Duration: 144 ms
----------------------------------------------

[2026-01-30T03:19:45.506Z]
Query: SELECT "public"."impuestos_productos"."id_impuesto", "public"."impuestos_productos"."nombre_impuesto", "public"."impuestos_productos"."valor_impuesto" FROM "public"."impuestos_productos" WHERE "public"."impuestos_productos"."id_impuesto" IN ($1) OFFSET $2
Params: [1,0]
Duration: 160 ms
----------------------------------------------

[2026-01-30T03:19:45.585Z]
Query: SELECT "public"."impuestos_productos"."id_impuesto", "public"."impuestos_productos"."nombre_impuesto", "public"."impuestos_productos"."valor_impuesto" FROM "public"."impuestos_productos" WHERE "public"."impuestos_productos"."id_impuesto" IN ($1) OFFSET $2
Params: [1,0]
Duration: 78 ms
----------------------------------------------

[2026-01-30T03:19:45.657Z]
Query: SELECT "public"."impuestos_productos"."id_impuesto", "public"."impuestos_productos"."nombre_impuesto", "public"."impuestos_productos"."valor_impuesto" FROM "public"."impuestos_productos" WHERE "public"."impuestos_productos"."id_impuesto" IN ($1) OFFSET $2
Params: [7,0]
Duration: 72 ms
----------------------------------------------

[2026-01-30T03:19:46.157Z]
Query: SELECT "public"."roles"."rol_id", "public"."roles"."rol_nombre", "public"."roles"."descripcion", "public"."roles"."estado_rol" FROM "public"."roles" WHERE ("public"."roles"."rol_id" = $1 AND 1=1) LIMIT $2 OFFSET $3
Params: [1,1,0]
Duration: 72 ms
----------------------------------------------

[2026-01-30T03:19:46.231Z]
Query: SELECT "public"."rol_permisos"."rol_id", "public"."rol_permisos"."permiso_id" FROM "public"."rol_permisos" WHERE "public"."rol_permisos"."rol_id" IN ($1) OFFSET $2
Params: [1,0]
Duration: 73 ms
----------------------------------------------

[2026-01-30T03:19:46.376Z]
Query: SELECT "public"."permisos"."permiso_id", "public"."permisos"."modulo", "public"."permisos"."permiso_nombre" FROM "public"."permisos" WHERE "public"."permisos"."permiso_id" IN ($1,$2,$3,$4,$5,$6,$7,$8,$9,$10,$11,$12,$13,$14,$15,$16,$17,$18,$19,$20,$21,$22,$23,$24,$25,$26,$27,$28,$29,$30,$31,$32,$33,$34,$35,$36) OFFSET $37
Params: [1,2,3,26,30,15,22,25,20,19,4,41,8,16,18,33,10,14,5,6,42,21,35,29,34,9,11,7,17,12,38,37,13,39,36,40,0]
Duration: 145 ms
----------------------------------------------

[2026-01-30T03:19:46.457Z]
Query: SELECT "public"."roles"."rol_id", "public"."roles"."rol_nombre", "public"."roles"."descripcion", "public"."roles"."estado_rol" FROM "public"."roles" WHERE ("public"."roles"."rol_id" = $1 AND 1=1) LIMIT $2 OFFSET $3
Params: [1,1,0]
Duration: 72 ms
----------------------------------------------

[2026-01-30T03:19:46.606Z]
Query: SELECT "public"."rol_permisos"."rol_id", "public"."rol_permisos"."permiso_id" FROM "public"."rol_permisos" WHERE "public"."rol_permisos"."rol_id" IN ($1) OFFSET $2
Params: [1,0]
Duration: 148 ms
----------------------------------------------

[2026-01-30T03:19:46.682Z]
Query: SELECT "public"."permisos"."permiso_id", "public"."permisos"."modulo", "public"."permisos"."permiso_nombre" FROM "public"."permisos" WHERE "public"."permisos"."permiso_id" IN ($1,$2,$3,$4,$5,$6,$7,$8,$9,$10,$11,$12,$13,$14,$15,$16,$17,$18,$19,$20,$21,$22,$23,$24,$25,$26,$27,$28,$29,$30,$31,$32,$33,$34,$35,$36) OFFSET $37
Params: [1,2,3,26,30,15,22,25,20,19,4,41,8,16,18,33,10,14,5,6,42,21,35,29,34,9,11,7,17,12,38,37,13,39,36,40,0]
Duration: 75 ms
----------------------------------------------

[2026-01-30T03:19:47.702Z]
Query: SELECT "public"."categorias"."id_categoria", "public"."categorias"."nombre_categoria", "public"."categorias"."descripcion_categoria", "public"."categorias"."estado" FROM "public"."categorias" WHERE 1=1 ORDER BY "public"."categorias"."id_categoria" DESC OFFSET $1
Params: [0]
Duration: 77 ms
----------------------------------------------

[2026-01-30T03:19:47.770Z]
Query: SELECT "public"."proveedores"."id_proveedor", "public"."proveedores"."nombre", "public"."proveedores"."telefono", "public"."proveedores"."direccion", "public"."proveedores"."estado", "public"."proveedores"."descripcion", "public"."proveedores"."nit", "public"."proveedores"."tipo_persona", "public"."proveedores"."contacto", "public"."proveedores"."correo" FROM "public"."proveedores" WHERE 1=1 OFFSET $1
Params: [0]
Duration: 146 ms
----------------------------------------------

[2026-01-30T03:19:47.779Z]
Query: SELECT "public"."categorias"."id_categoria", "public"."categorias"."nombre_categoria", "public"."categorias"."descripcion_categoria", "public"."categorias"."estado" FROM "public"."categorias" WHERE 1=1 ORDER BY "public"."categorias"."id_categoria" DESC OFFSET $1
Params: [0]
Duration: 156 ms
----------------------------------------------

[2026-01-30T03:19:47.919Z]
Query: SELECT "public"."proveedor_categoria"."id_proveedor_categoria", "public"."proveedor_categoria"."id_proveedor", "public"."proveedor_categoria"."id_categoria", "public"."proveedor_categoria"."created_at", "public"."proveedor_categoria"."updated_at" FROM "public"."proveedor_categoria" WHERE "public"."proveedor_categoria"."id_proveedor" IN ($1,$2) OFFSET $3
Params: [1,2,0]
Duration: 149 ms
----------------------------------------------

[2026-01-30T03:19:48.065Z]
Query: SELECT "public"."categorias"."id_categoria", "public"."categorias"."nombre_categoria", "public"."categorias"."descripcion_categoria", "public"."categorias"."estado" FROM "public"."categorias" WHERE "public"."categorias"."id_categoria" IN ($1,$2) OFFSET $3
Params: [1,2,0]
Duration: 145 ms
----------------------------------------------

[2026-01-30T03:20:04.090Z]
Query: SELECT 1
Params: []
Duration: 77 ms
----------------------------------------------

[2026-01-30T03:20:04.168Z]
Query: SELECT "public"."proveedores"."id_proveedor", "public"."proveedores"."nombre", "public"."proveedores"."telefono", "public"."proveedores"."direccion", "public"."proveedores"."estado", "public"."proveedores"."descripcion", "public"."proveedores"."nit", "public"."proveedores"."tipo_persona", "public"."proveedores"."contacto", "public"."proveedores"."correo" FROM "public"."proveedores" WHERE 1=1 OFFSET $1
Params: [0]
Duration: 77 ms
----------------------------------------------

[2026-01-30T03:20:04.245Z]
Query: SELECT "public"."proveedor_categoria"."id_proveedor_categoria", "public"."proveedor_categoria"."id_proveedor", "public"."proveedor_categoria"."id_categoria", "public"."proveedor_categoria"."created_at", "public"."proveedor_categoria"."updated_at" FROM "public"."proveedor_categoria" WHERE "public"."proveedor_categoria"."id_proveedor" IN ($1,$2) OFFSET $3
Params: [1,2,0]
Duration: 77 ms
----------------------------------------------

[2026-01-30T03:20:04.342Z]
Query: SELECT "public"."categorias"."id_categoria", "public"."categorias"."nombre_categoria", "public"."categorias"."descripcion_categoria", "public"."categorias"."estado" FROM "public"."categorias" WHERE "public"."categorias"."id_categoria" IN ($1,$2) OFFSET $3
Params: [1,2,0]
Duration: 96 ms
----------------------------------------------
